[INFO] Scanning for projects...
[INFO] 
[INFO] -------------------------< br.com.atous:demo >--------------------------
[INFO] Building Quantum Complexity Reducer 0.0.1-SNAPSHOT
[INFO]   from pom.xml
[INFO] --------------------------------[ jar ]---------------------------------
Downloading from central: https://repo.maven.apache.org/maven2/org/apache/maven/plugins/maven-surefire-plugin/3.5.3/maven-surefire-plugin-3.5.3.pom
Progress (1): 1.4/5.5 kBProgress (1): 2.8/5.5 kBProgress (1): 4.1/5.5 kBProgress (1): 5.5 kB                        Downloaded from central: https://repo.maven.apache.org/maven2/org/apache/maven/plugins/maven-surefire-plugin/3.5.3/maven-surefire-plugin-3.5.3.pom (5.5 kB at 4.0 kB/s)
Downloading from central: https://repo.maven.apache.org/maven2/org/apache/maven/surefire/surefire/3.5.3/surefire-3.5.3.pom
Progress (1): 1.4/20 kBProgress (1): 2.8/20 kBProgress (1): 4.1/20 kBProgress (1): 5.5/20 kBProgress (1): 6.9/20 kBProgress (1): 8.3/20 kBProgress (1): 9.7/20 kBProgress (1): 11/20 kB Progress (1): 12/20 kBProgress (1): 14/20 kBProgress (1): 15/20 kBProgress (1): 17/20 kBProgress (1): 18/20 kBProgress (1): 19/20 kBProgress (1): 20 kB                      Downloaded from central: https://repo.maven.apache.org/maven2/org/apache/maven/surefire/surefire/3.5.3/surefire-3.5.3.pom (20 kB at 141 kB/s)
Downloading from central: https://repo.maven.apache.org/maven2/org/apache/maven/maven-parent/44/maven-parent-44.pom
Progress (1): 16/52 kBProgress (1): 33/52 kBProgress (1): 49/52 kBProgress (1): 52 kB                      Downloaded from central: https://repo.maven.apache.org/maven2/org/apache/maven/maven-parent/44/maven-parent-44.pom (52 kB at 462 kB/s)
Downloading from central: https://repo.maven.apache.org/maven2/org/apache/apache/34/apache-34.pom
Progress (1): 16/24 kBProgress (1): 24 kB                      Downloaded from central: https://repo.maven.apache.org/maven2/org/apache/apache/34/apache-34.pom (24 kB at 411 kB/s)
Downloading from central: https://repo.maven.apache.org/maven2/org/junit/junit-bom/5.12.1/junit-bom-5.12.1.pom
Progress (1): 5.6 kB                    Downloaded from central: https://repo.maven.apache.org/maven2/org/junit/junit-bom/5.12.1/junit-bom-5.12.1.pom (5.6 kB at 314 kB/s)
[INFO] 
[INFO] --- resources:3.3.1:resources (default-resources) @ demo ---
[INFO] Copying 1 resource from src/main/resources to target/classes
[INFO] Copying 0 resource from src/main/resources to target/classes
[INFO] 
[INFO] --- compiler:3.14.0:compile (default-compile) @ demo ---
[INFO] Recompiling the module because of added or removed source files.
[INFO] Compiling 10 source files with javac [debug parameters release 24] to target/classes
[INFO] 
[INFO] --- resources:3.3.1:testResources (default-testResources) @ demo ---
[INFO] skip non existing resourceDirectory /home/countz/Downloads/complex-master/src/test/resources
[INFO] 
[INFO] --- compiler:3.14.0:testCompile (default-testCompile) @ demo ---
[INFO] Recompiling the module because of changed dependency.
[INFO] Compiling 4 source files with javac [debug parameters release 24] to target/test-classes
[WARNING] /home/countz/Downloads/complex-master/src/test/java/br/com/atous/demo/entrypoints/rest/SearchControllerTest.java:[23,6] org.springframework.boot.test.mock.mockito.MockBean in org.springframework.boot.test.mock.mockito has been deprecated and marked for removal
[INFO] 
[INFO] --- surefire:3.5.3:test (default-test) @ demo ---
Downloading from central: https://repo.maven.apache.org/maven2/org/apache/maven/surefire/surefire-api/3.5.3/surefire-api-3.5.3.pom
Progress (1): 3.7 kB                    Downloaded from central: https://repo.maven.apache.org/maven2/org/apache/maven/surefire/surefire-api/3.5.3/surefire-api-3.5.3.pom (3.7 kB at 112 kB/s)
Downloading from central: https://repo.maven.apache.org/maven2/org/apache/maven/surefire/surefire-logger-api/3.5.3/surefire-logger-api-3.5.3.pom
Progress (1): 3.5 kB                    Downloaded from central: https://repo.maven.apache.org/maven2/org/apache/maven/surefire/surefire-logger-api/3.5.3/surefire-logger-api-3.5.3.pom (3.5 kB at 166 kB/s)
Downloading from central: https://repo.maven.apache.org/maven2/org/apache/maven/surefire/surefire-shared-utils/3.5.3/surefire-shared-utils-3.5.3.pom
Progress (1): 4.0 kB                    Downloaded from central: https://repo.maven.apache.org/maven2/org/apache/maven/surefire/surefire-shared-utils/3.5.3/surefire-shared-utils-3.5.3.pom (4.0 kB at 86 kB/s)
Downloading from central: https://repo.maven.apache.org/maven2/org/apache/maven/surefire/surefire-extensions-api/3.5.3/surefire-extensions-api-3.5.3.pom
Progress (1): 3.6 kB                    Downloaded from central: https://repo.maven.apache.org/maven2/org/apache/maven/surefire/surefire-extensions-api/3.5.3/surefire-extensions-api-3.5.3.pom (3.6 kB at 52 kB/s)
Downloading from central: https://repo.maven.apache.org/maven2/org/apache/maven/surefire/maven-surefire-common/3.5.3/maven-surefire-common-3.5.3.pom
Progress (1): 7.8 kB                    Downloaded from central: https://repo.maven.apache.org/maven2/org/apache/maven/surefire/maven-surefire-common/3.5.3/maven-surefire-common-3.5.3.pom (7.8 kB at 148 kB/s)
Downloading from central: https://repo.maven.apache.org/maven2/org/apache/maven/surefire/surefire-booter/3.5.3/surefire-booter-3.5.3.pom
Progress (1): 5.0 kB                    Downloaded from central: https://repo.maven.apache.org/maven2/org/apache/maven/surefire/surefire-booter/3.5.3/surefire-booter-3.5.3.pom (5.0 kB at 146 kB/s)
Downloading from central: https://repo.maven.apache.org/maven2/org/apache/maven/surefire/surefire-extensions-spi/3.5.3/surefire-extensions-spi-3.5.3.pom
Progress (1): 1.7 kB                    Downloaded from central: https://repo.maven.apache.org/maven2/org/apache/maven/surefire/surefire-extensions-spi/3.5.3/surefire-extensions-spi-3.5.3.pom (1.7 kB at 26 kB/s)
Downloading from central: https://repo.maven.apache.org/maven2/org/apache/maven/resolver/maven-resolver-util/1.4.1/maven-resolver-util-1.4.1.pom
Progress (1): 2.8 kB                    Downloaded from central: https://repo.maven.apache.org/maven2/org/apache/maven/resolver/maven-resolver-util/1.4.1/maven-resolver-util-1.4.1.pom (2.8 kB at 44 kB/s)
Downloading from central: https://repo.maven.apache.org/maven2/org/apache/maven/resolver/maven-resolver/1.4.1/maven-resolver-1.4.1.pom
Progress (1): 16/18 kBProgress (1): 18 kB                      Downloaded from central: https://repo.maven.apache.org/maven2/org/apache/maven/resolver/maven-resolver/1.4.1/maven-resolver-1.4.1.pom (18 kB at 433 kB/s)
[INFO] Artifact org.apache.maven:maven-parent:pom:33 is present in the local repository, but cached from a remote repository ID that is unavailable in current build context, verifying that is downloadable from [central (https://repo.maven.apache.org/maven2, default, releases)]
[INFO] Artifact org.apache.maven:maven-parent:pom:33 is present in the local repository, but cached from a remote repository ID that is unavailable in current build context, verifying that is downloadable from [central (https://repo.maven.apache.org/maven2, default, releases)]
Downloading from central: https://repo.maven.apache.org/maven2/org/apache/maven/maven-parent/33/maven-parent-33.pom
Downloaded from central: https://repo.maven.apache.org/maven2/org/apache/maven/maven-parent/33/maven-parent-33.pom (0 B at 0 B/s)
[INFO] Artifact org.apache:apache:pom:21 is present in the local repository, but cached from a remote repository ID that is unavailable in current build context, verifying that is downloadable from [central (https://repo.maven.apache.org/maven2, default, releases), apache.snapshots (https://repository.apache.org/snapshots, default, snapshots)]
[INFO] Artifact org.apache:apache:pom:21 is present in the local repository, but cached from a remote repository ID that is unavailable in current build context, verifying that is downloadable from [central (https://repo.maven.apache.org/maven2, default, releases), apache.snapshots (https://repository.apache.org/snapshots, default, snapshots)]
Downloading from central: https://repo.maven.apache.org/maven2/org/apache/apache/21/apache-21.pom
Downloaded from central: https://repo.maven.apache.org/maven2/org/apache/apache/21/apache-21.pom (0 B at 0 B/s)
Downloading from central: https://repo.maven.apache.org/maven2/org/apache/maven/resolver/maven-resolver-api/1.4.1/maven-resolver-api-1.4.1.pom
Progress (1): 2.6 kB                    Downloaded from central: https://repo.maven.apache.org/maven2/org/apache/maven/resolver/maven-resolver-api/1.4.1/maven-resolver-api-1.4.1.pom (2.6 kB at 64 kB/s)
Downloading from central: https://repo.maven.apache.org/maven2/org/apache/maven/shared/maven-common-artifact-filters/3.4.0/maven-common-artifact-filters-3.4.0.pom
Progress (1): 5.4 kB                    Downloaded from central: https://repo.maven.apache.org/maven2/org/apache/maven/shared/maven-common-artifact-filters/3.4.0/maven-common-artifact-filters-3.4.0.pom (5.4 kB at 158 kB/s)
Downloading from central: https://repo.maven.apache.org/maven2/org/apache/maven/shared/maven-shared-components/42/maven-shared-components-42.pom
Progress (1): 3.8 kB                    Downloaded from central: https://repo.maven.apache.org/maven2/org/apache/maven/shared/maven-shared-components/42/maven-shared-components-42.pom (3.8 kB at 180 kB/s)
Downloading from central: https://repo.maven.apache.org/maven2/org/apache/maven/maven-parent/42/maven-parent-42.pom
Progress (1): 16/50 kBProgress (1): 32/50 kBProgress (1): 49/50 kBProgress (1): 50 kB                      Downloaded from central: https://repo.maven.apache.org/maven2/org/apache/maven/maven-parent/42/maven-parent-42.pom (50 kB at 1.7 MB/s)
Downloading from central: https://repo.maven.apache.org/maven2/org/apache/apache/32/apache-32.pom
Progress (1): 16/24 kBProgress (1): 24 kB                      Downloaded from central: https://repo.maven.apache.org/maven2/org/apache/apache/32/apache-32.pom (24 kB at 967 kB/s)
Downloading from central: https://repo.maven.apache.org/maven2/org/apache/maven/surefire/surefire-api/3.5.3/surefire-api-3.5.3.jar
Progress (1): 15/172 kBProgress (1): 31/172 kBProgress (1): 48/172 kBProgress (1): 64/172 kBProgress (1): 80/172 kBProgress (1): 97/172 kBProgress (1): 113/172 kBProgress (1): 129/172 kBProgress (1): 146/172 kBProgress (1): 162/172 kBProgress (1): 172 kB                        Downloaded from central: https://repo.maven.apache.org/maven2/org/apache/maven/surefire/surefire-api/3.5.3/surefire-api-3.5.3.jar (172 kB at 2.1 MB/s)
Downloading from central: https://repo.maven.apache.org/maven2/org/apache/maven/surefire/surefire-logger-api/3.5.3/surefire-logger-api-3.5.3.jar
Downloading from central: https://repo.maven.apache.org/maven2/org/apache/maven/surefire/surefire-shared-utils/3.5.3/surefire-shared-utils-3.5.3.jar
Downloading from central: https://repo.maven.apache.org/maven2/org/apache/maven/surefire/surefire-extensions-api/3.5.3/surefire-extensions-api-3.5.3.jar
Downloading from central: https://repo.maven.apache.org/maven2/org/apache/maven/surefire/maven-surefire-common/3.5.3/maven-surefire-common-3.5.3.jar
Downloading from central: https://repo.maven.apache.org/maven2/org/apache/maven/surefire/surefire-booter/3.5.3/surefire-booter-3.5.3.jar
Progress (1): 14 kB                   Downloaded from central: https://repo.maven.apache.org/maven2/org/apache/maven/surefire/surefire-logger-api/3.5.3/surefire-logger-api-3.5.3.jar (14 kB at 453 kB/s)
Downloading from central: https://repo.maven.apache.org/maven2/org/apache/maven/surefire/surefire-extensions-spi/3.5.3/surefire-extensions-spi-3.5.3.jar
Progress (1): 8.2 kB                    Downloaded from central: https://repo.maven.apache.org/maven2/org/apache/maven/surefire/surefire-extensions-spi/3.5.3/surefire-extensions-spi-3.5.3.jar (8.2 kB at 109 kB/s)
Downloading from central: https://repo.maven.apache.org/maven2/org/apache/maven/resolver/maven-resolver-util/1.4.1/maven-resolver-util-1.4.1.jar
Progress (1): 0/2.9 MBProgress (1): 0/2.9 MBProgress (1): 0/2.9 MBProgress (1): 0/2.9 MBProgress (1): 0/2.9 MBProgress (1): 0/2.9 MBProgress (1): 0/2.9 MBProgress (1): 0/2.9 MBProgress (1): 0/2.9 MBProgress (1): 0/2.9 MBProgress (1): 0/2.9 MBProgress (1): 0/2.9 MBProgress (1): 0/2.9 MBProgress (1): 0/2.9 MBProgress (1): 0/2.9 MBProgress (1): 0/2.9 MBProgress (1): 0/2.9 MBProgress (1): 0/2.9 MBProgress (1): 0/2.9 MBProgress (1): 0/2.9 MBProgress (1): 0/2.9 MBProgress (1): 0/2.9 MBProgress (1): 0/2.9 MBProgress (1): 0/2.9 MBProgress (1): 0/2.9 MBProgress (1): 0/2.9 MBProgress (1): 0/2.9 MBProgress (1): 0/2.9 MBProgress (1): 0/2.9 MBProgress (1): 0/2.9 MBProgress (1): 0/2.9 MBProgress (1): 0/2.9 MBProgress (2): 0/2.9 MB | 16/168 kBProgress (2): 0/2.9 MB | 16/168 kBProgress (2): 0/2.9 MB | 16/168 kBProgress (2): 0/2.9 MB | 16/168 kBProgress (2): 0/2.9 MB | 16/168 kBProgress (2): 0.1/2.9 MB | 16/168 kBProgress (2): 0.1/2.9 MB | 16/168 kBProgress (2): 0.1/2.9 MB | 33/168 kBProgress (2): 0.1/2.9 MB | 49/168 kBProgress (2): 0.1/2.9 MB | 49/168 kBProgress (2): 0.1/2.9 MB | 49/168 kBProgress (2): 0.1/2.9 MB | 49/168 kBProgress (2): 0.1/2.9 MB | 49/168 kBProgress (2): 0.1/2.9 MB | 49/168 kBProgress (2): 0.1/2.9 MB | 49/168 kBProgress (2): 0.1/2.9 MB | 66/168 kBProgress (2): 0.1/2.9 MB | 82/168 kBProgress (2): 0.1/2.9 MB | 97/168 kBProgress (2): 0.1/2.9 MB | 113/168 kBProgress (2): 0.1/2.9 MB | 130/168 kBProgress (2): 0.1/2.9 MB | 146/168 kBProgress (2): 0.1/2.9 MB | 162/168 kBProgress (2): 0.1/2.9 MB | 168 kB    Progress (3): 0.1/2.9 MB | 168 kB | 1.4/26 kBProgress (3): 0.1/2.9 MB | 168 kB | 2.8/26 kBProgress (3): 0.1/2.9 MB | 168 kB | 4.1/26 kBProgress (3): 0.1/2.9 MB | 168 kB | 4.1/26 kBProgress (3): 0.1/2.9 MB | 168 kB | 4.1/26 kBProgress (3): 0.1/2.9 MB | 168 kB | 4.1/26 kB                                             Downloaded from central: https://repo.maven.apache.org/maven2/org/apache/maven/resolver/maven-resolver-util/1.4.1/maven-resolver-util-1.4.1.jar (168 kB at 670 kB/s)
Downloading from central: https://repo.maven.apache.org/maven2/org/apache/maven/resolver/maven-resolver-api/1.4.1/maven-resolver-api-1.4.1.jar
Progress (2): 0.1/2.9 MB | 5.5/26 kBProgress (2): 0.1/2.9 MB | 6.9/26 kBProgress (2): 0.1/2.9 MB | 8.3/26 kBProgress (2): 0.1/2.9 MB | 9.7/26 kBProgress (2): 0.1/2.9 MB | 11/26 kB Progress (2): 0.1/2.9 MB | 12/26 kBProgress (2): 0.1/2.9 MB | 14/26 kBProgress (2): 0.1/2.9 MB | 14/26 kBProgress (2): 0.1/2.9 MB | 14/26 kBProgress (2): 0.1/2.9 MB | 14/26 kBProgress (2): 0.1/2.9 MB | 15/26 kBProgress (2): 0.1/2.9 MB | 16/26 kBProgress (2): 0.1/2.9 MB | 17/26 kBProgress (2): 0.1/2.9 MB | 19/26 kBProgress (2): 0.1/2.9 MB | 20/26 kBProgress (2): 0.1/2.9 MB | 21/26 kBProgress (2): 0.1/2.9 MB | 23/26 kBProgress (2): 0.1/2.9 MB | 24/26 kBProgress (3): 0.1/2.9 MB | 24/26 kB | 1.4/312 kBProgress (3): 0.1/2.9 MB | 24/26 kB | 2.8/312 kBProgress (3): 0.1/2.9 MB | 24/26 kB | 4.1/312 kBProgress (3): 0.1/2.9 MB | 24/26 kB | 5.5/312 kBProgress (3): 0.1/2.9 MB | 24/26 kB | 6.9/312 kBProgress (3): 0.1/2.9 MB | 24/26 kB | 8.3/312 kBProgress (3): 0.1/2.9 MB | 24/26 kB | 9.7/312 kBProgress (3): 0.1/2.9 MB | 25/26 kB | 9.7/312 kBProgress (3): 0.1/2.9 MB | 26 kB | 9.7/312 kB   Progress (3): 0.1/2.9 MB | 26 kB | 11/312 kB Progress (3): 0.1/2.9 MB | 26 kB | 12/312 kBProgress (3): 0.1/2.9 MB | 26 kB | 14/312 kBProgress (3): 0.1/2.9 MB | 26 kB | 15/312 kBProgress (3): 0.1/2.9 MB | 26 kB | 16/312 kB                                            Downloaded from central: https://repo.maven.apache.org/maven2/org/apache/maven/surefire/surefire-extensions-api/3.5.3/surefire-extensions-api-3.5.3.jar (26 kB at 72 kB/s)
Downloading from central: https://repo.maven.apache.org/maven2/org/apache/maven/shared/maven-common-artifact-filters/3.4.0/maven-common-artifact-filters-3.4.0.jar
Progress (2): 0.1/2.9 MB | 32/312 kBProgress (3): 0.1/2.9 MB | 32/312 kB | 16/118 kBProgress (3): 0.1/2.9 MB | 49/312 kB | 16/118 kBProgress (3): 0.1/2.9 MB | 49/312 kB | 16/118 kBProgress (4): 0.1/2.9 MB | 49/312 kB | 16/118 kB | 16/149 kBProgress (5): 0.1/2.9 MB | 49/312 kB | 16/118 kB | 16/149 kB | 1.4/58 kBProgress (5): 0.1/2.9 MB | 49/312 kB | 16/118 kB | 16/149 kB | 2.8/58 kBProgress (5): 0.1/2.9 MB | 49/312 kB | 16/118 kB | 16/149 kB | 4.1/58 kBProgress (5): 0.1/2.9 MB | 49/312 kB | 16/118 kB | 16/149 kB | 5.5/58 kBProgress (5): 0.1/2.9 MB | 49/312 kB | 16/118 kB | 16/149 kB | 6.9/58 kBProgress (5): 0.1/2.9 MB | 65/312 kB | 16/118 kB | 16/149 kB | 6.9/58 kBProgress (5): 0.1/2.9 MB | 65/312 kB | 16/118 kB | 16/149 kB | 8.3/58 kBProgress (5): 0.1/2.9 MB | 65/312 kB | 16/118 kB | 16/149 kB | 9.7/58 kBProgress (5): 0.1/2.9 MB | 65/312 kB | 16/118 kB | 16/149 kB | 11/58 kB Progress (5): 0.1/2.9 MB | 65/312 kB | 16/118 kB | 16/149 kB | 12/58 kBProgress (5): 0.1/2.9 MB | 65/312 kB | 16/118 kB | 16/149 kB | 12/58 kBProgress (5): 0.1/2.9 MB | 65/312 kB | 16/118 kB | 33/149 kB | 12/58 kBProgress (5): 0.1/2.9 MB | 65/312 kB | 16/118 kB | 49/149 kB | 12/58 kBProgress (5): 0.1/2.9 MB | 65/312 kB | 33/118 kB | 49/149 kB | 12/58 kBProgress (5): 0.1/2.9 MB | 81/312 kB | 33/118 kB | 49/149 kB | 12/58 kBProgress (5): 0.1/2.9 MB | 81/312 kB | 33/118 kB | 49/149 kB | 14/58 kBProgress (5): 0.1/2.9 MB | 81/312 kB | 33/118 kB | 49/149 kB | 15/58 kBProgress (5): 0.1/2.9 MB | 81/312 kB | 33/118 kB | 49/149 kB | 16/58 kBProgress (5): 0.1/2.9 MB | 81/312 kB | 33/118 kB | 49/149 kB | 32/58 kBProgress (5): 0.1/2.9 MB | 81/312 kB | 33/118 kB | 57/149 kB | 32/58 kBProgress (5): 0.2/2.9 MB | 81/312 kB | 33/118 kB | 57/149 kB | 32/58 kBProgress (5): 0.2/2.9 MB | 81/312 kB | 33/118 kB | 74/149 kB | 32/58 kBProgress (5): 0.2/2.9 MB | 81/312 kB | 33/118 kB | 90/149 kB | 32/58 kBProgress (5): 0.2/2.9 MB | 81/312 kB | 33/118 kB | 90/149 kB | 32/58 kBProgress (5): 0.2/2.9 MB | 81/312 kB | 33/118 kB | 106/149 kB | 32/58 kBProgress (5): 0.2/2.9 MB | 81/312 kB | 33/118 kB | 123/149 kB | 32/58 kBProgress (5): 0.2/2.9 MB | 81/312 kB | 33/118 kB | 139/149 kB | 32/58 kBProgress (5): 0.2/2.9 MB | 81/312 kB | 33/118 kB | 149 kB | 32/58 kB    Progress (5): 0.2/2.9 MB | 81/312 kB | 33/118 kB | 149 kB | 32/58 kB                                                                    Downloaded from central: https://repo.maven.apache.org/maven2/org/apache/maven/resolver/maven-resolver-api/1.4.1/maven-resolver-api-1.4.1.jar (149 kB at 275 kB/s)
Progress (4): 0.2/2.9 MB | 81/312 kB | 33/118 kB | 49/58 kBProgress (4): 0.2/2.9 MB | 81/312 kB | 49/118 kB | 49/58 kBProgress (4): 0.2/2.9 MB | 81/312 kB | 49/118 kB | 58 kB   Progress (4): 0.2/2.9 MB | 81/312 kB | 49/118 kB | 58 kBProgress (4): 0.2/2.9 MB | 81/312 kB | 66/118 kB | 58 kBProgress (4): 0.2/2.9 MB | 98/312 kB | 66/118 kB | 58 kB                                                        Downloaded from central: https://repo.maven.apache.org/maven2/org/apache/maven/shared/maven-common-artifact-filters/3.4.0/maven-common-artifact-filters-3.4.0.jar (58 kB at 96 kB/s)
Progress (3): 0.2/2.9 MB | 114/312 kB | 66/118 kBProgress (3): 0.2/2.9 MB | 114/312 kB | 66/118 kBProgress (3): 0.2/2.9 MB | 131/312 kB | 66/118 kBProgress (3): 0.2/2.9 MB | 131/312 kB | 66/118 kBProgress (3): 0.2/2.9 MB | 147/312 kB | 66/118 kBProgress (3): 0.3/2.9 MB | 147/312 kB | 66/118 kBProgress (3): 0.3/2.9 MB | 163/312 kB | 66/118 kBProgress (3): 0.3/2.9 MB | 180/312 kB | 66/118 kBProgress (3): 0.3/2.9 MB | 180/312 kB | 82/118 kBProgress (3): 0.3/2.9 MB | 180/312 kB | 82/118 kBProgress (3): 0.3/2.9 MB | 180/312 kB | 98/118 kBProgress (3): 0.3/2.9 MB | 180/312 kB | 98/118 kBProgress (3): 0.3/2.9 MB | 180/312 kB | 98/118 kBProgress (3): 0.3/2.9 MB | 180/312 kB | 115/118 kBProgress (3): 0.3/2.9 MB | 180/312 kB | 118 kB    Progress (3): 0.3/2.9 MB | 196/312 kB | 118 kBProgress (3): 0.3/2.9 MB | 196/312 kB | 118 kB                                              Downloaded from central: https://repo.maven.apache.org/maven2/org/apache/maven/surefire/surefire-booter/3.5.3/surefire-booter-3.5.3.jar (118 kB at 147 kB/s)
Progress (2): 0.3/2.9 MB | 212/312 kBProgress (2): 0.3/2.9 MB | 212/312 kBProgress (2): 0.3/2.9 MB | 229/312 kBProgress (2): 0.3/2.9 MB | 245/312 kBProgress (2): 0.3/2.9 MB | 262/312 kBProgress (2): 0.3/2.9 MB | 278/312 kBProgress (2): 0.4/2.9 MB | 278/312 kBProgress (2): 0.4/2.9 MB | 294/312 kBProgress (2): 0.4/2.9 MB | 311/312 kBProgress (2): 0.4/2.9 MB | 312 kB                                     Downloaded from central: https://repo.maven.apache.org/maven2/org/apache/maven/surefire/maven-surefire-common/3.5.3/maven-surefire-common-3.5.3.jar (312 kB at 317 kB/s)
Progress (1): 0.4/2.9 MBProgress (1): 0.4/2.9 MBProgress (1): 0.4/2.9 MBProgress (1): 0.4/2.9 MBProgress (1): 0.4/2.9 MBProgress (1): 0.5/2.9 MBProgress (1): 0.5/2.9 MBProgress (1): 0.5/2.9 MBProgress (1): 0.5/2.9 MBProgress (1): 0.5/2.9 MBProgress (1): 0.5/2.9 MBProgress (1): 0.6/2.9 MBProgress (1): 0.6/2.9 MBProgress (1): 0.6/2.9 MBProgress (1): 0.6/2.9 MBProgress (1): 0.6/2.9 MBProgress (1): 0.6/2.9 MBProgress (1): 0.7/2.9 MBProgress (1): 0.7/2.9 MBProgress (1): 0.7/2.9 MBProgress (1): 0.7/2.9 MBProgress (1): 0.7/2.9 MBProgress (1): 0.7/2.9 MBProgress (1): 0.8/2.9 MBProgress (1): 0.8/2.9 MBProgress (1): 0.8/2.9 MBProgress (1): 0.8/2.9 MBProgress (1): 0.8/2.9 MBProgress (1): 0.8/2.9 MBProgress (1): 0.9/2.9 MBProgress (1): 0.9/2.9 MBProgress (1): 0.9/2.9 MBProgress (1): 0.9/2.9 MBProgress (1): 0.9/2.9 MBProgress (1): 0.9/2.9 MBProgress (1): 0.9/2.9 MBProgress (1): 1.0/2.9 MBProgress (1): 1.0/2.9 MBProgress (1): 1.0/2.9 MBProgress (1): 1.0/2.9 MBProgress (1): 1.0/2.9 MBProgress (1): 1.0/2.9 MBProgress (1): 1.1/2.9 MBProgress (1): 1.1/2.9 MBProgress (1): 1.1/2.9 MBProgress (1): 1.1/2.9 MBProgress (1): 1.1/2.9 MBProgress (1): 1.1/2.9 MBProgress (1): 1.2/2.9 MBProgress (1): 1.2/2.9 MBProgress (1): 1.2/2.9 MBProgress (1): 1.2/2.9 MBProgress (1): 1.2/2.9 MBProgress (1): 1.2/2.9 MBProgress (1): 1.3/2.9 MBProgress (1): 1.3/2.9 MBProgress (1): 1.3/2.9 MBProgress (1): 1.3/2.9 MBProgress (1): 1.3/2.9 MBProgress (1): 1.3/2.9 MBProgress (1): 1.4/2.9 MBProgress (1): 1.4/2.9 MBProgress (1): 1.4/2.9 MBProgress (1): 1.4/2.9 MBProgress (1): 1.4/2.9 MBProgress (1): 1.4/2.9 MBProgress (1): 1.5/2.9 MBProgress (1): 1.5/2.9 MBProgress (1): 1.5/2.9 MBProgress (1): 1.5/2.9 MBProgress (1): 1.5/2.9 MBProgress (1): 1.5/2.9 MBProgress (1): 1.6/2.9 MBProgress (1): 1.6/2.9 MBProgress (1): 1.6/2.9 MBProgress (1): 1.6/2.9 MBProgress (1): 1.6/2.9 MBProgress (1): 1.6/2.9 MBProgress (1): 1.7/2.9 MBProgress (1): 1.7/2.9 MBProgress (1): 1.7/2.9 MBProgress (1): 1.7/2.9 MBProgress (1): 1.7/2.9 MBProgress (1): 1.7/2.9 MBProgress (1): 1.7/2.9 MBProgress (1): 1.8/2.9 MBProgress (1): 1.8/2.9 MBProgress (1): 1.8/2.9 MBProgress (1): 1.8/2.9 MBProgress (1): 1.8/2.9 MBProgress (1): 1.8/2.9 MBProgress (1): 1.9/2.9 MBProgress (1): 1.9/2.9 MBProgress (1): 1.9/2.9 MBProgress (1): 1.9/2.9 MBProgress (1): 1.9/2.9 MBProgress (1): 1.9/2.9 MBProgress (1): 2.0/2.9 MBProgress (1): 2.0/2.9 MBProgress (1): 2.0/2.9 MBProgress (1): 2.0/2.9 MBProgress (1): 2.0/2.9 MBProgress (1): 2.0/2.9 MBProgress (1): 2.1/2.9 MBProgress (1): 2.1/2.9 MBProgress (1): 2.1/2.9 MBProgress (1): 2.1/2.9 MBProgress (1): 2.1/2.9 MBProgress (1): 2.1/2.9 MBProgress (1): 2.2/2.9 MBProgress (1): 2.2/2.9 MBProgress (1): 2.2/2.9 MBProgress (1): 2.2/2.9 MBProgress (1): 2.2/2.9 MBProgress (1): 2.2/2.9 MBProgress (1): 2.3/2.9 MBProgress (1): 2.3/2.9 MBProgress (1): 2.3/2.9 MBProgress (1): 2.3/2.9 MBProgress (1): 2.3/2.9 MBProgress (1): 2.3/2.9 MBProgress (1): 2.4/2.9 MBProgress (1): 2.4/2.9 MBProgress (1): 2.4/2.9 MBProgress (1): 2.4/2.9 MBProgress (1): 2.4/2.9 MBProgress (1): 2.4/2.9 MBProgress (1): 2.5/2.9 MBProgress (1): 2.5/2.9 MBProgress (1): 2.5/2.9 MBProgress (1): 2.5/2.9 MBProgress (1): 2.5/2.9 MBProgress (1): 2.5/2.9 MBProgress (1): 2.6/2.9 MBProgress (1): 2.6/2.9 MBProgress (1): 2.6/2.9 MBProgress (1): 2.6/2.9 MBProgress (1): 2.6/2.9 MBProgress (1): 2.6/2.9 MBProgress (1): 2.7/2.9 MBProgress (1): 2.7/2.9 MBProgress (1): 2.7/2.9 MBProgress (1): 2.7/2.9 MBProgress (1): 2.7/2.9 MBProgress (1): 2.7/2.9 MBProgress (1): 2.7/2.9 MBProgress (1): 2.8/2.9 MBProgress (1): 2.8/2.9 MBProgress (1): 2.8/2.9 MBProgress (1): 2.8/2.9 MBProgress (1): 2.8/2.9 MBProgress (1): 2.8/2.9 MBProgress (1): 2.9 MB                        Downloaded from central: https://repo.maven.apache.org/maven2/org/apache/maven/surefire/surefire-shared-utils/3.5.3/surefire-shared-utils-3.5.3.jar (2.9 MB at 1.1 MB/s)
[INFO] Using auto detected provider org.apache.maven.surefire.junitplatform.JUnitPlatformProvider
Downloading from central: https://repo.maven.apache.org/maven2/org/apache/maven/surefire/surefire-junit-platform/3.5.3/surefire-junit-platform-3.5.3.pom
Progress (1): 5.2 kB                    Downloaded from central: https://repo.maven.apache.org/maven2/org/apache/maven/surefire/surefire-junit-platform/3.5.3/surefire-junit-platform-3.5.3.pom (5.2 kB at 157 kB/s)
Downloading from central: https://repo.maven.apache.org/maven2/org/apache/maven/surefire/surefire-providers/3.5.3/surefire-providers-3.5.3.pom
Progress (1): 2.5 kB                    Downloaded from central: https://repo.maven.apache.org/maven2/org/apache/maven/surefire/surefire-providers/3.5.3/surefire-providers-3.5.3.pom (2.5 kB at 106 kB/s)
Downloading from central: https://repo.maven.apache.org/maven2/org/apache/maven/surefire/common-java5/3.5.3/common-java5-3.5.3.pom
Progress (1): 3.1 kB                    Downloaded from central: https://repo.maven.apache.org/maven2/org/apache/maven/surefire/common-java5/3.5.3/common-java5-3.5.3.pom (3.1 kB at 66 kB/s)
Downloading from central: https://repo.maven.apache.org/maven2/org/junit/platform/junit-platform-engine/1.12.1/junit-platform-engine-1.12.1.pom
Progress (1): 3.2 kB                    Downloaded from central: https://repo.maven.apache.org/maven2/org/junit/platform/junit-platform-engine/1.12.1/junit-platform-engine-1.12.1.pom (3.2 kB at 94 kB/s)
Downloading from central: https://repo.maven.apache.org/maven2/org/junit/platform/junit-platform-commons/1.12.1/junit-platform-commons-1.12.1.pom
Progress (1): 2.8 kB                    Downloaded from central: https://repo.maven.apache.org/maven2/org/junit/platform/junit-platform-commons/1.12.1/junit-platform-commons-1.12.1.pom (2.8 kB at 89 kB/s)
Downloading from central: https://repo.maven.apache.org/maven2/org/junit/platform/junit-platform-launcher/1.12.1/junit-platform-launcher-1.12.1.pom
Progress (1): 3.0 kB                    Downloaded from central: https://repo.maven.apache.org/maven2/org/junit/platform/junit-platform-launcher/1.12.1/junit-platform-launcher-1.12.1.pom (3.0 kB at 59 kB/s)
Downloading from central: https://repo.maven.apache.org/maven2/org/apache/maven/surefire/surefire-junit-platform/3.5.3/surefire-junit-platform-3.5.3.jar
Progress (1): 16/27 kBProgress (1): 27 kB                      Downloaded from central: https://repo.maven.apache.org/maven2/org/apache/maven/surefire/surefire-junit-platform/3.5.3/surefire-junit-platform-3.5.3.jar (27 kB at 606 kB/s)
Downloading from central: https://repo.maven.apache.org/maven2/org/apache/maven/surefire/common-java5/3.5.3/common-java5-3.5.3.jar
Downloading from central: https://repo.maven.apache.org/maven2/org/junit/platform/junit-platform-engine/1.12.1/junit-platform-engine-1.12.1.jar
Downloading from central: https://repo.maven.apache.org/maven2/org/junit/platform/junit-platform-commons/1.12.1/junit-platform-commons-1.12.1.jar
Downloading from central: https://repo.maven.apache.org/maven2/org/junit/platform/junit-platform-launcher/1.12.1/junit-platform-launcher-1.12.1.jar
Progress (1): 1.4/18 kBProgress (1): 18 kB                       Downloaded from central: https://repo.maven.apache.org/maven2/org/apache/maven/surefire/common-java5/3.5.3/common-java5-3.5.3.jar (18 kB at 374 kB/s)
Progress (1): 16/152 kBProgress (2): 16/152 kB | 15/256 kBProgress (2): 33/152 kB | 15/256 kBProgress (2): 49/152 kB | 15/256 kBProgress (2): 64/152 kB | 15/256 kBProgress (3): 64/152 kB | 15/256 kB | 16/208 kBProgress (3): 64/152 kB | 31/256 kB | 16/208 kBProgress (3): 64/152 kB | 48/256 kB | 16/208 kBProgress (3): 64/152 kB | 64/256 kB | 16/208 kBProgress (3): 64/152 kB | 64/256 kB | 33/208 kBProgress (3): 64/152 kB | 80/256 kB | 33/208 kBProgress (3): 64/152 kB | 97/256 kB | 33/208 kBProgress (3): 64/152 kB | 97/256 kB | 49/208 kBProgress (3): 64/152 kB | 110/256 kB | 49/208 kBProgress (3): 64/152 kB | 127/256 kB | 49/208 kBProgress (3): 64/152 kB | 127/256 kB | 66/208 kBProgress (3): 64/152 kB | 143/256 kB | 66/208 kBProgress (3): 64/152 kB | 143/256 kB | 80/208 kBProgress (3): 64/152 kB | 160/256 kB | 80/208 kBProgress (3): 64/152 kB | 176/256 kB | 80/208 kBProgress (3): 64/152 kB | 176/256 kB | 97/208 kBProgress (3): 80/152 kB | 176/256 kB | 97/208 kBProgress (3): 80/152 kB | 192/256 kB | 97/208 kBProgress (3): 80/152 kB | 209/256 kB | 97/208 kBProgress (3): 97/152 kB | 209/256 kB | 97/208 kBProgress (3): 97/152 kB | 225/256 kB | 97/208 kBProgress (3): 97/152 kB | 225/256 kB | 113/208 kBProgress (3): 113/152 kB | 225/256 kB | 113/208 kBProgress (3): 113/152 kB | 242/256 kB | 113/208 kBProgress (3): 113/152 kB | 256 kB | 113/208 kB    Progress (3): 113/152 kB | 256 kB | 129/208 kB                                              Downloaded from central: https://repo.maven.apache.org/maven2/org/junit/platform/junit-platform-engine/1.12.1/junit-platform-engine-1.12.1.jar (256 kB at 574 kB/s)
Progress (2): 129/152 kB | 129/208 kBProgress (2): 129/152 kB | 146/208 kBProgress (2): 129/152 kB | 162/208 kBProgress (2): 146/152 kB | 162/208 kBProgress (2): 152 kB | 162/208 kB    Progress (2): 152 kB | 179/208 kB                                 Downloaded from central: https://repo.maven.apache.org/maven2/org/junit/platform/junit-platform-commons/1.12.1/junit-platform-commons-1.12.1.jar (152 kB at 300 kB/s)
Progress (1): 195/208 kBProgress (1): 208 kB                        Downloaded from central: https://repo.maven.apache.org/maven2/org/junit/platform/junit-platform-launcher/1.12.1/junit-platform-launcher-1.12.1.jar (208 kB at 362 kB/s)
[INFO] Artifact org.junit.platform:junit-platform-launcher:pom:1.12.2 is present in the local repository, but cached from a remote repository ID that is unavailable in current build context, verifying that is downloadable from [central (https://repo.maven.apache.org/maven2, default, releases)]
[INFO] Artifact org.junit.platform:junit-platform-launcher:pom:1.12.2 is present in the local repository, but cached from a remote repository ID that is unavailable in current build context, verifying that is downloadable from [central (https://repo.maven.apache.org/maven2, default, releases)]
Downloading from central: https://repo.maven.apache.org/maven2/org/junit/platform/junit-platform-launcher/1.12.2/junit-platform-launcher-1.12.2.pom
Downloaded from central: https://repo.maven.apache.org/maven2/org/junit/platform/junit-platform-launcher/1.12.2/junit-platform-launcher-1.12.2.pom (0 B at 0 B/s)
Downloading from central: https://repo.maven.apache.org/maven2/org/junit/platform/junit-platform-launcher/1.12.2/junit-platform-launcher-1.12.2.jar
Progress (1): 16/208 kBProgress (1): 33/208 kBProgress (1): 49/208 kBProgress (1): 66/208 kBProgress (1): 82/208 kBProgress (1): 98/208 kBProgress (1): 115/208 kBProgress (1): 131/208 kBProgress (1): 147/208 kBProgress (1): 164/208 kBProgress (1): 180/208 kBProgress (1): 197/208 kBProgress (1): 208 kB                        Downloaded from central: https://repo.maven.apache.org/maven2/org/junit/platform/junit-platform-launcher/1.12.2/junit-platform-launcher-1.12.2.jar (208 kB at 2.2 MB/s)
[INFO] 
[INFO] -------------------------------------------------------
[INFO]  T E S T S
[INFO] -------------------------------------------------------
[INFO] Running br.com.atous.demo.application.usecase.ClassicalGroverSearchServiceTest
[INFO] Tests run: 5, Failures: 0, Errors: 0, Skipped: 0, Time elapsed: 2.253 s -- in br.com.atous.demo.application.usecase.ClassicalGroverSearchServiceTest
[INFO] Running br.com.atous.demo.entrypoints.rest.SearchControllerTest
09:42:57.188 [main] INFO org.springframework.test.context.support.AnnotationConfigContextLoaderUtils -- Could not detect default configuration classes for test class [br.com.atous.demo.entrypoints.rest.SearchControllerTest]: SearchControllerTest does not declare any static, non-private, non-final, nested classes annotated with @Configuration.
09:42:57.834 [main] INFO org.springframework.boot.test.context.SpringBootTestContextBootstrapper -- Found @SpringBootConfiguration br.com.atous.demo.DemoApplication for test class br.com.atous.demo.entrypoints.rest.SearchControllerTest

  .   ____          _            __ _ _
 /\\ / ___'_ __ _ _(_)_ __  __ _ \ \ \ \
( ( )\___ | '_ | '_| | '_ \/ _` | \ \ \ \
 \\/  ___)| |_)| | | | | || (_| |  ) ) ) )
  '  |____| .__|_| |_|_| |_\__, | / / / /
 =========|_|==============|___/=/_/_/_/

 :: Spring Boot ::                (v3.5.3)

2025-07-07T09:42:59.206-03:00  INFO 1927932 --- [demo] [           main] b.c.a.d.e.rest.SearchControllerTest      : Starting SearchControllerTest using Java 24.0.1 with PID 1927932 (started by countz in /home/countz/Downloads/complex-master)
2025-07-07T09:42:59.223-03:00  INFO 1927932 --- [demo] [           main] b.c.a.d.e.rest.SearchControllerTest      : No active profile set, falling back to 1 default profile: "default"
2025-07-07T09:43:01.411-03:00  INFO 1927932 --- [demo] [           main] o.s.b.t.m.w.SpringBootMockServletContext : Initializing Spring TestDispatcherServlet ''
2025-07-07T09:43:01.411-03:00  INFO 1927932 --- [demo] [           main] o.s.t.web.servlet.TestDispatcherServlet  : Initializing Servlet ''
2025-07-07T09:43:01.416-03:00  INFO 1927932 --- [demo] [           main] o.s.t.web.servlet.TestDispatcherServlet  : Completed initialization in 4 ms
2025-07-07T09:43:01.498-03:00  INFO 1927932 --- [demo] [           main] b.c.a.d.e.rest.SearchControllerTest      : Started SearchControllerTest in 3.49 seconds (process running for 8.616)
[INFO] Tests run: 5, Failures: 0, Errors: 0, Skipped: 0, Time elapsed: 5.274 s -- in br.com.atous.demo.entrypoints.rest.SearchControllerTest
[INFO] Running br.com.atous.demo.DemoApplicationTests
2025-07-07T09:43:02.151-03:00  INFO 1927932 --- [demo] [           main] t.c.s.AnnotationConfigContextLoaderUtils : Could not detect default configuration classes for test class [br.com.atous.demo.DemoApplicationTests]: DemoApplicationTests does not declare any static, non-private, non-final, nested classes annotated with @Configuration.
2025-07-07T09:43:02.168-03:00  INFO 1927932 --- [demo] [           main] .b.t.c.SpringBootTestContextBootstrapper : Found @SpringBootConfiguration br.com.atous.demo.DemoApplication for test class br.com.atous.demo.DemoApplicationTests

  .   ____          _            __ _ _
 /\\ / ___'_ __ _ _(_)_ __  __ _ \ \ \ \
( ( )\___ | '_ | '_| | '_ \/ _` | \ \ \ \
 \\/  ___)| |_)| | | | | || (_| |  ) ) ) )
  '  |____| .__|_| |_|_| |_\__, | / / / /
 =========|_|==============|___/=/_/_/_/

 :: Spring Boot ::                (v3.5.3)

2025-07-07T09:43:02.315-03:00  INFO 1927932 --- [demo] [           main] br.com.atous.demo.DemoApplicationTests   : Starting DemoApplicationTests using Java 24.0.1 with PID 1927932 (started by countz in /home/countz/Downloads/complex-master)
2025-07-07T09:43:02.316-03:00  INFO 1927932 --- [demo] [           main] br.com.atous.demo.DemoApplicationTests   : No active profile set, falling back to 1 default profile: "default"
2025-07-07T09:43:03.721-03:00  INFO 1927932 --- [demo] [           main] br.com.atous.demo.DemoApplicationTests   : Started DemoApplicationTests in 1.541 seconds (process running for 10.839)
2025-07-07T09:43:03.729-03:00  INFO 1927932 --- [demo] [           main] b.c.a.d.entrypoints.cli.AlgorithmRunner  : ---EXECUTING ALGORITHM DEMO ON STARTUP---
2025-07-07T09:43:03.729-03:00  INFO 1927932 --- [demo] [           main] b.c.a.d.entrypoints.cli.AlgorithmRunner  : Search Space Size (N): 1024
2025-07-07T09:43:03.739-03:00  INFO 1927932 --- [demo] [           main] b.c.a.d.entrypoints.cli.AlgorithmRunner  : Target Element: 777
2025-07-07T09:43:03.746-03:00  INFO 1927932 --- [demo] [           main] b.c.a.d.entrypoints.cli.AlgorithmRunner  : ---DEMO RESULTS---
2025-07-07T09:43:03.747-03:00  INFO 1927932 --- [demo] [           main] b.c.a.d.entrypoints.cli.AlgorithmRunner  : Execution Time: 6 ms
2025-07-07T09:43:03.747-03:00  INFO 1927932 --- [demo] [           main] b.c.a.d.entrypoints.cli.AlgorithmRunner  : Iterations Performed: 25
2025-07-07T09:43:03.747-03:00  INFO 1927932 --- [demo] [           main] b.c.a.d.entrypoints.cli.AlgorithmRunner  : Target Index: 777
2025-07-07T09:43:03.747-03:00  INFO 1927932 --- [demo] [           main] b.c.a.d.entrypoints.cli.AlgorithmRunner  : Found Index: 777
2025-07-07T09:43:03.748-03:00  INFO 1927932 --- [demo] [           main] b.c.a.d.entrypoints.cli.AlgorithmRunner  : Success: true
2025-07-07T09:43:03.754-03:00  INFO 1927932 --- [demo] [           main] b.c.a.d.entrypoints.cli.AlgorithmRunner  : --------------------
[INFO] Tests run: 1, Failures: 0, Errors: 0, Skipped: 0, Time elapsed: 1.628 s -- in br.com.atous.demo.DemoApplicationTests
[INFO] Running br.com.atous.demo.ArchitectureTest
2025-07-07T09:43:03.806-03:00  INFO 1927932 --- [demo] [           main] com.tngtech.archunit.core.PluginLoader   : Detected Java version 24.0.1
[INFO] Tests run: 0, Failures: 0, Errors: 0, Skipped: 0, Time elapsed: 3.953 s -- in br.com.atous.demo.ArchitectureTest
[INFO] 
[INFO] Results:
[INFO] 
[INFO] Tests run: 11, Failures: 0, Errors: 0, Skipped: 0
[INFO] 
[INFO] ------------------------------------------------------------------------
[INFO] BUILD SUCCESS
[INFO] ------------------------------------------------------------------------
[INFO] Total time:  32.413 s
[INFO] Finished at: 2025-07-07T09:43:07-03:00
[INFO] ------------------------------------------------------------------------
